<?xml version="1.0" encoding="UTF-8" ?>
<testsuite failures="0" time="0.055" errors="1" skipped="0" tests="9" name="com.pl.tests.EmployeeTest">
  <properties>
[...]
</properties>
  <testcase time="0.002" classname="com.pl.tests.EmployeeTest" name="testEmployee"/>
  <testcase time="0" classname="com.pl.tests.EmployeeTest" name="testAddCustomer"/>
  <testcase time="0" classname="com.pl.tests.EmployeeTest" name="testRemoveCustomer"/>
  <testcase time="0.001" classname="com.pl.tests.EmployeeTest" name="testIsCustomer"/>
  <testcase time="0" classname="com.pl.tests.EmployeeTest" name="testFindAllCustomersByName"/>
  <testcase time="0" classname="com.pl.tests.EmployeeTest" name="testFindAllCustomersBySurname"/>
  <testcase time="0" classname="com.pl.tests.EmployeeTest" name="testRenameAllCustomersByName"/>
  <testcase time="0" classname="com.pl.tests.EmployeeTest" name="testRenameAllCustomersBySurname"/>
  <testcase time="0.002" classname="com.pl.tests.EmployeeTest" name="testRemoveAllCustomersByList">
    <error type="java.util.ConcurrentModificationException">java.util.ConcurrentModificationException
	at java.util.AbstractList$Itr.checkForComodification(AbstractList.java:372)
	at java.util.AbstractList$Itr.next(AbstractList.java:343)
	at com.pl.biblioteka.Employee.removeAllCustomersByList(Employee.java:76)
	at com.pl.tests.EmployeeTest.testRemoveAllCustomersByList(EmployeeTest.java:82)
	at sun.reflect.NativeMethodAccessorImpl.invoke0(Native Method)
	at sun.reflect.NativeMethodAccessorImpl.invoke(NativeMethodAccessorImpl.java:39)
	at sun.reflect.DelegatingMethodAccessorImpl.invoke(DelegatingMethodAccessorImpl.java:25)
	at java.lang.reflect.Method.invoke(Method.java:597)
	at org.junit.runners.model.FrameworkMethod$1.runReflectiveCall(FrameworkMethod.java:45)
	at org.junit.internal.runners.model.ReflectiveCallable.run(ReflectiveCallable.java:15)
	at org.junit.runners.model.FrameworkMethod.invokeExplosively(FrameworkMethod.java:42)
	at org.junit.internal.runners.statements.InvokeMethod.evaluate(InvokeMethod.java:20)
	at org.junit.internal.runners.statements.RunBefores.evaluate(RunBefores.java:28)
	at org.junit.internal.runners.statements.RunAfters.evaluate(RunAfters.java:30)
	at org.junit.runners.ParentRunner.runLeaf(ParentRunner.java:263)
	at org.junit.runners.BlockJUnit4ClassRunner.runChild(BlockJUnit4ClassRunner.java:68)
	at org.junit.runners.BlockJUnit4ClassRunner.runChild(BlockJUnit4ClassRunner.java:47)
	at org.junit.runners.ParentRunner$3.run(ParentRunner.java:231)
	at org.junit.runners.ParentRunner$1.schedule(ParentRunner.java:60)
	at org.junit.runners.ParentRunner.runChildren(ParentRunner.java:229)
	at org.junit.runners.ParentRunner.access$000(ParentRunner.java:50)
	at org.junit.runners.ParentRunner$2.evaluate(ParentRunner.java:222)
	at org.junit.runners.ParentRunner.run(ParentRunner.java:300)
	at org.apache.maven.surefire.junit4.JUnit4TestSet.execute(JUnit4TestSet.java:35)
	at org.apache.maven.surefire.junit4.JUnit4Provider.executeTestSet(JUnit4Provider.java:115)
	at org.apache.maven.surefire.junit4.JUnit4Provider.invoke(JUnit4Provider.java:97)
	at sun.reflect.NativeMethodAccessorImpl.invoke0(Native Method)
	at sun.reflect.NativeMethodAccessorImpl.invoke(NativeMethodAccessorImpl.java:39)
	at sun.reflect.DelegatingMethodAccessorImpl.invoke(DelegatingMethodAccessorImpl.java:25)
	at java.lang.reflect.Method.invoke(Method.java:597)
	at org.apache.maven.surefire.booter.ProviderFactory$ClassLoaderProxy.invoke(ProviderFactory.java:103)
	at $Proxy0.invoke(Unknown Source)
	at org.apache.maven.surefire.booter.SurefireStarter.invokeProvider(SurefireStarter.java:150)
	at org.apache.maven.surefire.booter.SurefireStarter.runSuitesInProcess(SurefireStarter.java:91)
	at org.apache.maven.surefire.booter.ForkedBooter.main(ForkedBooter.java:69)
</error>
  </testcase>
</testsuite>