<?xml version="1.0" encoding="UTF-8" ?>
<testsuite failures="0" time="0.031" errors="0" skipped="0" tests="9" name="com.pl.tests.CustomerTest">
  <properties>
[...]
</properties>
  <testcase time="0.01" classname="com.pl.tests.CustomerTest" name="testGetName"/>
  <testcase time="0" classname="com.pl.tests.CustomerTest" name="testSetName"/>
  <testcase time="0" classname="com.pl.tests.CustomerTest" name="testCustomer"/>
  <testcase time="0" classname="com.pl.tests.CustomerTest" name="testBorrowBook"/>
  <testcase time="0" classname="com.pl.tests.CustomerTest" name="testReturnBook"/>
  <testcase time="0" classname="com.pl.tests.CustomerTest" name="testHasBook"/>
  <testcase time="0" classname="com.pl.tests.CustomerTest" name="testFindAllBooksByName"/>
  <testcase time="0" classname="com.pl.tests.CustomerTest" name="testGetSurname"/>
  <testcase time="0" classname="com.pl.tests.CustomerTest" name="testSetSurname"/>
</testsuite>